mode: set
search_engine_task/pkg/models/models.go:21.33,23.2 1 0
search_engine_task/pkg/models/models.go:25.38,29.2 1 0
search_engine_task/pkg/models/models.go:31.43,35.2 1 0
search_engine_task/pkg/services/search_service.go:15.66,17.2 1 1
search_engine_task/pkg/services/search_service.go:19.78,21.2 1 1
search_engine_task/pkg/services/search_service.go:23.96,28.34 3 1
search_engine_task/pkg/services/search_service.go:57.2,61.32 3 1
search_engine_task/pkg/services/search_service.go:67.2,67.17 1 1
search_engine_task/pkg/services/search_service.go:28.34,32.47 3 1
search_engine_task/pkg/services/search_service.go:45.3,45.20 1 1
search_engine_task/pkg/services/search_service.go:53.3,53.28 1 1
search_engine_task/pkg/services/search_service.go:32.47,34.50 1 1
search_engine_task/pkg/services/search_service.go:34.50,36.72 1 1
search_engine_task/pkg/services/search_service.go:36.72,40.6 1 1
search_engine_task/pkg/services/search_service.go:45.20,51.4 2 1
search_engine_task/pkg/services/search_service.go:61.32,65.3 1 1
search_engine_task/pkg/controllers/controllers.go:32.71,34.2 1 1
search_engine_task/pkg/controllers/controllers.go:36.43,40.43 2 1
search_engine_task/pkg/controllers/controllers.go:46.2,48.16 2 1
search_engine_task/pkg/controllers/controllers.go:53.2,53.36 1 1
search_engine_task/pkg/controllers/controllers.go:40.43,44.3 1 0
search_engine_task/pkg/controllers/controllers.go:48.16,51.3 2 0
search_engine_task/pkg/controllers/controllers.go:56.46,60.45 2 1
search_engine_task/pkg/controllers/controllers.go:66.2,71.22 4 1
search_engine_task/pkg/controllers/controllers.go:78.2,78.45 1 1
search_engine_task/pkg/controllers/controllers.go:60.45,64.3 1 0
search_engine_task/pkg/controllers/controllers.go:71.22,76.3 2 0
search_engine_task/pkg/controllers/controllers.go:82.47,84.2 1 1
search_engine_task/pkg/controllers/controllers.go:86.55,90.2 3 0
